# JRE version: Java(TM) SE Runtime Environment (8.0_111-b14) (build 1.8.0_111-b14)
# Java VM: Java HotSpot(TM) 64-Bit Server VM (25.111-b14 mixed mode windows-amd64 compressed oops)
Heap:
 PSYoungGen      total 214016K, used 1346K [0x000000076af80000, 0x0000000781780000, 0x00000007c0000000)
  eden space 212992K, 0% used [0x000000076af80000,0x000000076b0d0b20,0x0000000777f80000)
  from space 1024K, 0% used [0x0000000781680000,0x0000000781680000,0x0000000781780000)
  to   space 16384K, 0% used [0x000000077f780000,0x000000077f780000,0x0000000780780000)
 ParOldGen       total 107520K, used 23548K [0x00000006c0e00000, 0x00000006c7700000, 0x000000076af80000)
  object space 107520K, 21% used [0x00000006c0e00000,0x00000006c24ff370,0x00000006c7700000)
 Metaspace       used 83474K, capacity 84309K, committed 84608K, reserved 1126400K
  class space    used 6674K, capacity 7032K, committed 7040K, reserved 1048576K
GC Heap History (10 events):
Event: 190.662 GC heap before
{Heap before GC invocations=28 (full 2):
 PSYoungGen      total 249344K, used 238144K [0x000000076af80000, 0x0000000782980000, 0x00000007c0000000)
  eden space 237568K, 100% used [0x000000076af80000,0x0000000779780000,0x0000000779780000)
  from space 11776K, 4% used [0x0000000781300000,0x0000000781390000,0x0000000781e80000)
  to   space 11264K, 0% used [0x0000000781e80000,0x0000000781e80000,0x0000000782980000)
 ParOldGen       total 117760K, used 30606K [0x00000006c0e00000, 0x00000006c8100000, 0x000000076af80000)
  object space 117760K, 25% used [0x00000006c0e00000,0x00000006c2be3828,0x00000006c8100000)
 Metaspace       used 37608K, capacity 38435K, committed 38656K, reserved 1083392K
  class space    used 4274K, capacity 4490K, committed 4608K, reserved 1048576K
Event: 190.664 GC heap after
Heap after GC invocations=28 (full 2):
 PSYoungGen      total 230912K, used 1960K [0x000000076af80000, 0x0000000782080000, 0x00000007c0000000)
  eden space 228864K, 0% used [0x000000076af80000,0x000000076af80000,0x0000000778f00000)
  from space 2048K, 95% used [0x0000000781e80000,0x000000078206a1c0,0x0000000782080000)
  to   space 10240K, 0% used [0x0000000780c80000,0x0000000780c80000,0x0000000781680000)
 ParOldGen       total 117760K, used 30678K [0x00000006c0e00000, 0x00000006c8100000, 0x000000076af80000)
  object space 117760K, 26% used [0x00000006c0e00000,0x00000006c2bf5828,0x00000006c8100000)
 Metaspace       used 37608K, capacity 38435K, committed 38656K, reserved 1083392K
  class space    used 4274K, capacity 4490K, committed 4608K, reserved 1048576K
}
Event: 200.481 GC heap before
{Heap before GC invocations=29 (full 2):
 PSYoungGen      total 230912K, used 215233K [0x000000076af80000, 0x0000000782080000, 0x00000007c0000000)
  eden space 228864K, 93% used [0x000000076af80000,0x0000000777fc6308,0x0000000778f00000)
  from space 2048K, 95% used [0x0000000781e80000,0x000000078206a1c0,0x0000000782080000)
  to   space 10240K, 0% used [0x0000000780c80000,0x0000000780c80000,0x0000000781680000)
 ParOldGen       total 117760K, used 30678K [0x00000006c0e00000, 0x00000006c8100000, 0x000000076af80000)
  object space 117760K, 26% used [0x00000006c0e00000,0x00000006c2bf5828,0x00000006c8100000)
 Metaspace       used 58147K, capacity 58921K, committed 59096K, reserved 1103872K
  class space    used 5358K, capacity 5718K, committed 5760K, reserved 1048576K
Event: 200.487 GC heap after
Heap after GC invocations=29 (full 2):
 PSYoungGen      total 230912K, used 10227K [0x000000076af80000, 0x0000000781f00000, 0x00000007c0000000)
  eden space 220672K, 0% used [0x000000076af80000,0x000000076af80000,0x0000000778700000)
  from space 10240K, 99% used [0x0000000780c80000,0x000000078167ce10,0x0000000781680000)
  to   space 8704K, 0% used [0x0000000781680000,0x0000000781680000,0x0000000781f00000)
 ParOldGen       total 117760K, used 43783K [0x00000006c0e00000, 0x00000006c8100000, 0x000000076af80000)
  object space 117760K, 37% used [0x00000006c0e00000,0x00000006c38c1fc8,0x00000006c8100000)
 Metaspace       used 58147K, capacity 58921K, committed 59096K, reserved 1103872K
  class space    used 5358K, capacity 5718K, committed 5760K, reserved 1048576K
}
Event: 200.487 GC heap before
{Heap before GC invocations=30 (full 3):
 PSYoungGen      total 230912K, used 10227K [0x000000076af80000, 0x0000000781f00000, 0x00000007c0000000)
  eden space 220672K, 0% used [0x000000076af80000,0x000000076af80000,0x0000000778700000)
  from space 10240K, 99% used [0x0000000780c80000,0x000000078167ce10,0x0000000781680000)
  to   space 8704K, 0% used [0x0000000781680000,0x0000000781680000,0x0000000781f00000)
 ParOldGen       total 117760K, used 43783K [0x00000006c0e00000, 0x00000006c8100000, 0x000000076af80000)
  object space 117760K, 37% used [0x00000006c0e00000,0x00000006c38c1fc8,0x00000006c8100000)
 Metaspace       used 58147K, capacity 58921K, committed 59096K, reserved 1103872K
  class space    used 5358K, capacity 5718K, committed 5760K, reserved 1048576K
Event: 200.670 GC heap after
Heap after GC invocations=30 (full 3):
 PSYoungGen      total 230912K, used 0K [0x000000076af80000, 0x0000000781f00000, 0x00000007c0000000)
  eden space 220672K, 0% used [0x000000076af80000,0x000000076af80000,0x0000000778700000)
  from space 10240K, 0% used [0x0000000780c80000,0x0000000780c80000,0x0000000781680000)
  to   space 8704K, 0% used [0x0000000781680000,0x0000000781680000,0x0000000781f00000)
 ParOldGen       total 135680K, used 50692K [0x00000006c0e00000, 0x00000006c9280000, 0x000000076af80000)
  object space 135680K, 37% used [0x00000006c0e00000,0x00000006c3f812b0,0x00000006c9280000)
 Metaspace       used 58147K, capacity 58921K, committed 59096K, reserved 1103872K
  class space    used 5358K, capacity 5718K, committed 5760K, reserved 1048576K
}
Event: 212.082 GC heap before
{Heap before GC invocations=31 (full 3):
 PSYoungGen      total 230912K, used 36219K [0x000000076af80000, 0x0000000781f00000, 0x00000007c0000000)
  eden space 220672K, 16% used [0x000000076af80000,0x000000076d2def08,0x0000000778700000)
  from space 10240K, 0% used [0x0000000780c80000,0x0000000780c80000,0x0000000781680000)
  to   space 8704K, 0% used [0x0000000781680000,0x0000000781680000,0x0000000781f00000)
 ParOldGen       total 135680K, used 50692K [0x00000006c0e00000, 0x00000006c9280000, 0x000000076af80000)
  object space 135680K, 37% used [0x00000006c0e00000,0x00000006c3f812b0,0x00000006c9280000)
 Metaspace       used 83474K, capacity 84321K, committed 84608K, reserved 1126400K
  class space    used 6675K, capacity 7034K, committed 7040K, reserved 1048576K
Event: 212.085 GC heap after
Heap after GC invocations=31 (full 3):
 PSYoungGen      total 214016K, used 960K [0x000000076af80000, 0x0000000781780000, 0x00000007c0000000)
  eden space 212992K, 0% used [0x000000076af80000,0x000000076af80000,0x0000000777f80000)
  from space 1024K, 93% used [0x0000000781680000,0x0000000781770000,0x0000000781780000)
  to   space 16384K, 0% used [0x000000077f780000,0x000000077f780000,0x0000000780780000)
 ParOldGen       total 135680K, used 50700K [0x00000006c0e00000, 0x00000006c9280000, 0x000000076af80000)
  object space 135680K, 37% used [0x00000006c0e00000,0x00000006c3f832b0,0x00000006c9280000)
 Metaspace       used 83474K, capacity 84321K, committed 84608K, reserved 1126400K
  class space    used 6675K, capacity 7034K, committed 7040K, reserved 1048576K
}
Event: 212.085 GC heap before
{Heap before GC invocations=32 (full 4):
 PSYoungGen      total 214016K, used 960K [0x000000076af80000, 0x0000000781780000, 0x00000007c0000000)
  eden space 212992K, 0% used [0x000000076af80000,0x000000076af80000,0x0000000777f80000)
  from space 1024K, 93% used [0x0000000781680000,0x0000000781770000,0x0000000781780000)
  to   space 16384K, 0% used [0x000000077f780000,0x000000077f780000,0x0000000780780000)
 ParOldGen       total 135680K, used 50700K [0x00000006c0e00000, 0x00000006c9280000, 0x000000076af80000)
  object space 135680K, 37% used [0x00000006c0e00000,0x00000006c3f832b0,0x00000006c9280000)
 Metaspace       used 83474K, capacity 84321K, committed 84608K, reserved 1126400K
  class space    used 6675K, capacity 7034K, committed 7040K, reserved 1048576K
Event: 212.154 GC heap after
Heap after GC invocations=32 (full 4):
 PSYoungGen      total 214016K, used 0K [0x000000076af80000, 0x0000000781780000, 0x00000007c0000000)
  eden space 212992K, 0% used [0x000000076af80000,0x000000076af80000,0x0000000777f80000)
  from space 1024K, 0% used [0x0000000781680000,0x0000000781680000,0x0000000781780000)
  to   space 16384K, 0% used [0x000000077f780000,0x000000077f780000,0x0000000780780000)
 ParOldGen       total 107520K, used 23548K [0x00000006c0e00000, 0x00000006c7700000, 0x000000076af80000)
  object space 107520K, 21% used [0x00000006c0e00000,0x00000006c24ff370,0x00000006c7700000)
 Metaspace       used 83471K, capacity 84309K, committed 84608K, reserved 1126400K
  class space    used 6674K, capacity 7032K, committed 7040K, reserved 1048576K
}

