# JRE version: Java(TM) SE Runtime Environment (8.0_111-b14) (build 1.8.0_111-b14)
# Java VM: Java HotSpot(TM) 64-Bit Server VM (25.111-b14 mixed mode windows-amd64 compressed oops)
Heap:
 PSYoungGen      total 484864K, used 30651K [0x000000076af80000, 0x0000000792400000, 0x00000007c0000000)
  eden space 426496K, 0% used [0x000000076af80000,0x000000076af80000,0x0000000785000000)
  from space 58368K, 52% used [0x0000000785000000,0x0000000786deee80,0x0000000788900000)
  to   space 56832K, 0% used [0x000000078ec80000,0x000000078ec80000,0x0000000792400000)
 ParOldGen       total 219136K, used 101423K [0x00000006c0e00000, 0x00000006ce400000, 0x000000076af80000)
  object space 219136K, 46% used [0x00000006c0e00000,0x00000006c710bdb0,0x00000006ce400000)
 Metaspace       used 85075K, capacity 86019K, committed 86360K, reserved 1128448K
  class space    used 6819K, capacity 7198K, committed 7296K, reserved 1048576K
GC Heap History (10 events):
Event: 28.582 GC heap after
Heap after GC invocations=14 (full 3):
 PSYoungGen      total 330240K, used 0K [0x000000076af80000, 0x0000000785a80000, 0x00000007c0000000)
  eden space 294400K, 0% used [0x000000076af80000,0x000000076af80000,0x000000077cf00000)
  from space 35840K, 0% used [0x000000077cf00000,0x000000077cf00000,0x000000077f200000)
  to   space 39936K, 0% used [0x0000000783380000,0x0000000783380000,0x0000000785a80000)
 ParOldGen       total 219136K, used 88540K [0x00000006c0e00000, 0x00000006ce400000, 0x000000076af80000)
  object space 219136K, 40% used [0x00000006c0e00000,0x00000006c6477090,0x00000006ce400000)
 Metaspace       used 57922K, capacity 58853K, committed 59028K, reserved 1101824K
  class space    used 5450K, capacity 5849K, committed 5888K, reserved 1048576K
}
Event: 48.428 GC heap before
{Heap before GC invocations=15 (full 3):
 PSYoungGen      total 330240K, used 294400K [0x000000076af80000, 0x0000000785a80000, 0x00000007c0000000)
  eden space 294400K, 100% used [0x000000076af80000,0x000000077cf00000,0x000000077cf00000)
  from space 35840K, 0% used [0x000000077cf00000,0x000000077cf00000,0x000000077f200000)
  to   space 39936K, 0% used [0x0000000783380000,0x0000000783380000,0x0000000785a80000)
 ParOldGen       total 219136K, used 88540K [0x00000006c0e00000, 0x00000006ce400000, 0x000000076af80000)
  object space 219136K, 40% used [0x00000006c0e00000,0x00000006c6477090,0x00000006ce400000)
 Metaspace       used 84838K, capacity 85763K, committed 86104K, reserved 1128448K
  class space    used 6819K, capacity 7198K, committed 7296K, reserved 1048576K
Event: 48.478 GC heap after
Heap after GC invocations=15 (full 3):
 PSYoungGen      total 395776K, used 29451K [0x000000076af80000, 0x0000000785c00000, 0x00000007c0000000)
  eden space 355840K, 0% used [0x000000076af80000,0x000000076af80000,0x0000000780b00000)
  from space 39936K, 73% used [0x0000000783380000,0x0000000785042e98,0x0000000785a80000)
  to   space 41472K, 0% used [0x0000000780b00000,0x0000000780b00000,0x0000000783380000)
 ParOldGen       total 219136K, used 88548K [0x00000006c0e00000, 0x00000006ce400000, 0x000000076af80000)
  object space 219136K, 40% used [0x00000006c0e00000,0x00000006c6479090,0x00000006ce400000)
 Metaspace       used 84838K, capacity 85763K, committed 86104K, reserved 1128448K
  class space    used 6819K, capacity 7198K, committed 7296K, reserved 1048576K
}
Event: 54.643 GC heap before
{Heap before GC invocations=16 (full 3):
 PSYoungGen      total 395776K, used 385291K [0x000000076af80000, 0x0000000785c00000, 0x00000007c0000000)
  eden space 355840K, 100% used [0x000000076af80000,0x0000000780b00000,0x0000000780b00000)
  from space 39936K, 73% used [0x0000000783380000,0x0000000785042e98,0x0000000785a80000)
  to   space 41472K, 0% used [0x0000000780b00000,0x0000000780b00000,0x0000000783380000)
 ParOldGen       total 219136K, used 88548K [0x00000006c0e00000, 0x00000006ce400000, 0x000000076af80000)
  object space 219136K, 40% used [0x00000006c0e00000,0x00000006c6479090,0x00000006ce400000)
 Metaspace       used 84976K, capacity 85891K, committed 86360K, reserved 1128448K
  class space    used 6819K, capacity 7198K, committed 7296K, reserved 1048576K
Event: 54.716 GC heap after
Heap after GC invocations=16 (full 3):
 PSYoungGen      total 397312K, used 41467K [0x000000076af80000, 0x000000078bc00000, 0x00000007c0000000)
  eden space 355840K, 0% used [0x000000076af80000,0x000000076af80000,0x0000000780b00000)
  from space 41472K, 99% used [0x0000000780b00000,0x000000078337ee80,0x0000000783380000)
  to   space 52224K, 0% used [0x0000000788900000,0x0000000788900000,0x000000078bc00000)
 ParOldGen       total 219136K, used 101407K [0x00000006c0e00000, 0x00000006ce400000, 0x000000076af80000)
  object space 219136K, 46% used [0x00000006c0e00000,0x00000006c7107db0,0x00000006ce400000)
 Metaspace       used 84976K, capacity 85891K, committed 86360K, reserved 1128448K
  class space    used 6819K, capacity 7198K, committed 7296K, reserved 1048576K
}
Event: 60.881 GC heap before
{Heap before GC invocations=17 (full 3):
 PSYoungGen      total 397312K, used 397307K [0x000000076af80000, 0x000000078bc00000, 0x00000007c0000000)
  eden space 355840K, 100% used [0x000000076af80000,0x0000000780b00000,0x0000000780b00000)
  from space 41472K, 99% used [0x0000000780b00000,0x000000078337ee80,0x0000000783380000)
  to   space 52224K, 0% used [0x0000000788900000,0x0000000788900000,0x000000078bc00000)
 ParOldGen       total 219136K, used 101407K [0x00000006c0e00000, 0x00000006ce400000, 0x000000076af80000)
  object space 219136K, 46% used [0x00000006c0e00000,0x00000006c7107db0,0x00000006ce400000)
 Metaspace       used 85045K, capacity 85955K, committed 86360K, reserved 1128448K
  class space    used 6819K, capacity 7198K, committed 7296K, reserved 1048576K
Event: 60.981 GC heap after
Heap after GC invocations=17 (full 3):
 PSYoungGen      total 478720K, used 47584K [0x000000076af80000, 0x000000078ce80000, 0x00000007c0000000)
  eden space 426496K, 0% used [0x000000076af80000,0x000000076af80000,0x0000000785000000)
  from space 52224K, 91% used [0x0000000788900000,0x000000078b778010,0x000000078bc00000)
  to   space 58368K, 0% used [0x0000000785000000,0x0000000785000000,0x0000000788900000)
 ParOldGen       total 219136K, used 101415K [0x00000006c0e00000, 0x00000006ce400000, 0x000000076af80000)
  object space 219136K, 46% used [0x00000006c0e00000,0x00000006c7109db0,0x00000006ce400000)
 Metaspace       used 85045K, capacity 85955K, committed 86360K, reserved 1128448K
  class space    used 6819K, capacity 7198K, committed 7296K, reserved 1048576K
}
Event: 64.552 GC heap before
{Heap before GC invocations=18 (full 3):
 PSYoungGen      total 478720K, used 246790K [0x000000076af80000, 0x000000078ce80000, 0x00000007c0000000)
  eden space 426496K, 46% used [0x000000076af80000,0x0000000777209888,0x0000000785000000)
  from space 52224K, 91% used [0x0000000788900000,0x000000078b778010,0x000000078bc00000)
  to   space 58368K, 0% used [0x0000000785000000,0x0000000785000000,0x0000000788900000)
 ParOldGen       total 219136K, used 101415K [0x00000006c0e00000, 0x00000006ce400000, 0x000000076af80000)
  object space 219136K, 46% used [0x00000006c0e00000,0x00000006c7109db0,0x00000006ce400000)
 Metaspace       used 85075K, capacity 86019K, committed 86360K, reserved 1128448K
  class space    used 6819K, capacity 7198K, committed 7296K, reserved 1048576K
Event: 64.603 GC heap after
Heap after GC invocations=18 (full 3):
 PSYoungGen      total 484864K, used 30651K [0x000000076af80000, 0x0000000792400000, 0x00000007c0000000)
  eden space 426496K, 0% used [0x000000076af80000,0x000000076af80000,0x0000000785000000)
  from space 58368K, 52% used [0x0000000785000000,0x0000000786deee80,0x0000000788900000)
  to   space 56832K, 0% used [0x000000078ec80000,0x000000078ec80000,0x0000000792400000)
 ParOldGen       total 219136K, used 101423K [0x00000006c0e00000, 0x00000006ce400000, 0x000000076af80000)
  object space 219136K, 46% used [0x00000006c0e00000,0x00000006c710bdb0,0x00000006ce400000)
 Metaspace       used 85075K, capacity 86019K, committed 86360K, reserved 1128448K
  class space    used 6819K, capacity 7198K, committed 7296K, reserved 1048576K
}
Event: 64.603 GC heap before
{Heap before GC invocations=19 (full 4):
 PSYoungGen      total 484864K, used 30651K [0x000000076af80000, 0x0000000792400000, 0x00000007c0000000)
  eden space 426496K, 0% used [0x000000076af80000,0x000000076af80000,0x0000000785000000)
  from space 58368K, 52% used [0x0000000785000000,0x0000000786deee80,0x0000000788900000)
  to   space 56832K, 0% used [0x000000078ec80000,0x000000078ec80000,0x0000000792400000)
 ParOldGen       total 219136K, used 101423K [0x00000006c0e00000, 0x00000006ce400000, 0x000000076af80000)
  object space 219136K, 46% used [0x00000006c0e00000,0x00000006c710bdb0,0x00000006ce400000)
 Metaspace       used 85075K, capacity 86019K, committed 86360K, reserved 1128448K
  class space    used 6819K, capacity 7198K, committed 7296K, reserved 1048576K

