# JRE version: Java(TM) SE Runtime Environment (8.0_111-b14) (build 1.8.0_111-b14)
# Java VM: Java HotSpot(TM) 64-Bit Server VM (25.111-b14 mixed mode windows-amd64 compressed oops)
Heap:
 PSYoungGen      total 311808K, used 15456K [0x000000076af80000, 0x0000000785380000, 0x00000007c0000000)
  eden space 273408K, 5% used [0x000000076af80000,0x000000076be981a0,0x000000077ba80000)
  from space 38400K, 0% used [0x000000077ba80000,0x000000077ba80000,0x000000077e000000)
  to   space 40448K, 0% used [0x0000000782c00000,0x0000000782c00000,0x0000000785380000)
 ParOldGen       total 201728K, used 57272K [0x00000006c0e00000, 0x00000006cd300000, 0x000000076af80000)
  object space 201728K, 28% used [0x00000006c0e00000,0x00000006c45ee378,0x00000006cd300000)
 Metaspace       used 83623K, capacity 84457K, committed 84864K, reserved 1126400K
  class space    used 6653K, capacity 7009K, committed 7040K, reserved 1048576K
GC Heap History (10 events):
Event: 23.536 GC heap before
{Heap before GC invocations=13 (full 3):
 PSYoungGen      total 248832K, used 23719K [0x000000076af80000, 0x000000077c480000, 0x00000007c0000000)
  eden space 220672K, 0% used [0x000000076af80000,0x000000076af80000,0x0000000778700000)
  from space 28160K, 84% used [0x000000077a580000,0x000000077bca9dc8,0x000000077c100000)
  to   space 31232K, 0% used [0x0000000778700000,0x0000000778700000,0x000000077a580000)
 ParOldGen       total 118784K, used 30193K [0x00000006c0e00000, 0x00000006c8200000, 0x000000076af80000)
  object space 118784K, 25% used [0x00000006c0e00000,0x00000006c2b7c768,0x00000006c8200000)
 Metaspace       used 58090K, capacity 58891K, committed 59096K, reserved 1103872K
  class space    used 5336K, capacity 5660K, committed 5760K, reserved 1048576K
Event: 23.733 GC heap after
Heap after GC invocations=13 (full 3):
 PSYoungGen      total 248832K, used 0K [0x000000076af80000, 0x000000077c480000, 0x00000007c0000000)
  eden space 220672K, 0% used [0x000000076af80000,0x000000076af80000,0x0000000778700000)
  from space 28160K, 0% used [0x000000077a580000,0x000000077a580000,0x000000077c100000)
  to   space 31232K, 0% used [0x0000000778700000,0x0000000778700000,0x000000077a580000)
 ParOldGen       total 163840K, used 50731K [0x00000006c0e00000, 0x00000006cae00000, 0x000000076af80000)
  object space 163840K, 30% used [0x00000006c0e00000,0x00000006c3f8ad98,0x00000006cae00000)
 Metaspace       used 58090K, capacity 58891K, committed 59096K, reserved 1103872K
  class space    used 5336K, capacity 5660K, committed 5760K, reserved 1048576K
}
Event: 38.027 GC heap before
{Heap before GC invocations=14 (full 3):
 PSYoungGen      total 248832K, used 220672K [0x000000076af80000, 0x000000077c480000, 0x00000007c0000000)
  eden space 220672K, 100% used [0x000000076af80000,0x0000000778700000,0x0000000778700000)
  from space 28160K, 0% used [0x000000077a580000,0x000000077a580000,0x000000077c100000)
  to   space 31232K, 0% used [0x0000000778700000,0x0000000778700000,0x000000077a580000)
 ParOldGen       total 163840K, used 50731K [0x00000006c0e00000, 0x00000006cae00000, 0x000000076af80000)
  object space 163840K, 30% used [0x00000006c0e00000,0x00000006c3f8ad98,0x00000006cae00000)
 Metaspace       used 83524K, capacity 84405K, committed 84608K, reserved 1126400K
  class space    used 6654K, capacity 7011K, committed 7040K, reserved 1048576K
Event: 38.069 GC heap after
Heap after GC invocations=14 (full 3):
 PSYoungGen      total 251904K, used 24912K [0x000000076af80000, 0x0000000780180000, 0x00000007c0000000)
  eden space 220672K, 0% used [0x000000076af80000,0x000000076af80000,0x0000000778700000)
  from space 31232K, 79% used [0x0000000778700000,0x0000000779f54010,0x000000077a580000)
  to   space 34304K, 0% used [0x000000077e000000,0x000000077e000000,0x0000000780180000)
 ParOldGen       total 163840K, used 50739K [0x00000006c0e00000, 0x00000006cae00000, 0x000000076af80000)
  object space 163840K, 30% used [0x00000006c0e00000,0x00000006c3f8cd98,0x00000006cae00000)
 Metaspace       used 83524K, capacity 84405K, committed 84608K, reserved 1126400K
  class space    used 6654K, capacity 7011K, committed 7040K, reserved 1048576K
}
Event: 41.991 GC heap before
{Heap before GC invocations=15 (full 3):
 PSYoungGen      total 251904K, used 245584K [0x000000076af80000, 0x0000000780180000, 0x00000007c0000000)
  eden space 220672K, 100% used [0x000000076af80000,0x0000000778700000,0x0000000778700000)
  from space 31232K, 79% used [0x0000000778700000,0x0000000779f54010,0x000000077a580000)
  to   space 34304K, 0% used [0x000000077e000000,0x000000077e000000,0x0000000780180000)
 ParOldGen       total 163840K, used 50739K [0x00000006c0e00000, 0x00000006cae00000, 0x000000076af80000)
  object space 163840K, 30% used [0x00000006c0e00000,0x00000006c3f8cd98,0x00000006cae00000)
 Metaspace       used 83595K, capacity 84469K, committed 84864K, reserved 1126400K
  class space    used 6654K, capacity 7011K, committed 7040K, reserved 1048576K
Event: 42.042 GC heap after
Heap after GC invocations=15 (full 3):
 PSYoungGen      total 307712K, used 29680K [0x000000076af80000, 0x0000000780b80000, 0x00000007c0000000)
  eden space 273408K, 0% used [0x000000076af80000,0x000000076af80000,0x000000077ba80000)
  from space 34304K, 86% used [0x000000077e000000,0x000000077fcfc010,0x0000000780180000)
  to   space 38400K, 0% used [0x000000077ba80000,0x000000077ba80000,0x000000077e000000)
 ParOldGen       total 163840K, used 50739K [0x00000006c0e00000, 0x00000006cae00000, 0x000000076af80000)
  object space 163840K, 30% used [0x00000006c0e00000,0x00000006c3f8cd98,0x00000006cae00000)
 Metaspace       used 83595K, capacity 84469K, committed 84864K, reserved 1126400K
  class space    used 6654K, capacity 7011K, committed 7040K, reserved 1048576K
}
Event: 45.272 GC heap before
{Heap before GC invocations=16 (full 3):
 PSYoungGen      total 307712K, used 225349K [0x000000076af80000, 0x0000000780b80000, 0x00000007c0000000)
  eden space 273408K, 71% used [0x000000076af80000,0x0000000776e953f0,0x000000077ba80000)
  from space 34304K, 86% used [0x000000077e000000,0x000000077fcfc010,0x0000000780180000)
  to   space 38400K, 0% used [0x000000077ba80000,0x000000077ba80000,0x000000077e000000)
 ParOldGen       total 163840K, used 50739K [0x00000006c0e00000, 0x00000006cae00000, 0x000000076af80000)
  object space 163840K, 30% used [0x00000006c0e00000,0x00000006c3f8cd98,0x00000006cae00000)
 Metaspace       used 83626K, capacity 84469K, committed 84864K, reserved 1126400K
  class space    used 6654K, capacity 7011K, committed 7040K, reserved 1048576K
Event: 45.316 GC heap after
Heap after GC invocations=16 (full 3):
 PSYoungGen      total 311808K, used 26480K [0x000000076af80000, 0x0000000785380000, 0x00000007c0000000)
  eden space 273408K, 0% used [0x000000076af80000,0x000000076af80000,0x000000077ba80000)
  from space 38400K, 68% used [0x000000077ba80000,0x000000077d45c010,0x000000077e000000)
  to   space 40448K, 0% used [0x0000000782c00000,0x0000000782c00000,0x0000000785380000)
 ParOldGen       total 163840K, used 50747K [0x00000006c0e00000, 0x00000006cae00000, 0x000000076af80000)
  object space 163840K, 30% used [0x00000006c0e00000,0x00000006c3f8ed98,0x00000006cae00000)
 Metaspace       used 83626K, capacity 84469K, committed 84864K, reserved 1126400K
  class space    used 6654K, capacity 7011K, committed 7040K, reserved 1048576K
}
Event: 45.317 GC heap before
{Heap before GC invocations=17 (full 4):
 PSYoungGen      total 311808K, used 26480K [0x000000076af80000, 0x0000000785380000, 0x00000007c0000000)
  eden space 273408K, 0% used [0x000000076af80000,0x000000076af80000,0x000000077ba80000)
  from space 38400K, 68% used [0x000000077ba80000,0x000000077d45c010,0x000000077e000000)
  to   space 40448K, 0% used [0x0000000782c00000,0x0000000782c00000,0x0000000785380000)
 ParOldGen       total 163840K, used 50747K [0x00000006c0e00000, 0x00000006cae00000, 0x000000076af80000)
  object space 163840K, 30% used [0x00000006c0e00000,0x00000006c3f8ed98,0x00000006cae00000)
 Metaspace       used 83626K, capacity 84469K, committed 84864K, reserved 1126400K
  class space    used 6654K, capacity 7011K, committed 7040K, reserved 1048576K
Event: 45.473 GC heap after
Heap after GC invocations=17 (full 4):
 PSYoungGen      total 311808K, used 0K [0x000000076af80000, 0x0000000785380000, 0x00000007c0000000)
  eden space 273408K, 0% used [0x000000076af80000,0x000000076af80000,0x000000077ba80000)
  from space 38400K, 0% used [0x000000077ba80000,0x000000077ba80000,0x000000077e000000)
  to   space 40448K, 0% used [0x0000000782c00000,0x0000000782c00000,0x0000000785380000)
 ParOldGen       total 201728K, used 57272K [0x00000006c0e00000, 0x00000006cd300000, 0x000000076af80000)
  object space 201728K, 28% used [0x00000006c0e00000,0x00000006c45ee378,0x00000006cd300000)
 Metaspace       used 83623K, capacity 84457K, committed 84864K, reserved 1126400K
  class space    used 6653K, capacity 7009K, committed 7040K, reserved 1048576K
}

