# JRE version: Java(TM) SE Runtime Environment (8.0_111-b14) (build 1.8.0_111-b14)
# Java VM: Java HotSpot(TM) 64-Bit Server VM (25.111-b14 mixed mode windows-amd64 compressed oops)
Heap:
 PSYoungGen      total 455680K, used 16290K [0x000000076af80000, 0x000000078f380000, 0x00000007c0000000)
  eden space 407552K, 3% used [0x000000076af80000,0x000000076bf68a00,0x0000000783d80000)
  from space 48128K, 0% used [0x0000000783d80000,0x0000000783d80000,0x0000000786c80000)
  to   space 49152K, 0% used [0x000000078c380000,0x000000078c380000,0x000000078f380000)
 ParOldGen       total 292352K, used 89993K [0x00000006c0e00000, 0x00000006d2b80000, 0x000000076af80000)
  object space 292352K, 30% used [0x00000006c0e00000,0x00000006c65e2698,0x00000006d2b80000)
 Metaspace       used 98425K, capacity 99272K, committed 99520K, reserved 1140736K
  class space    used 7375K, capacity 7740K, committed 7808K, reserved 1048576K
GC Heap History (10 events):
Event: 47.562 GC heap before
{Heap before GC invocations=14 (full 3):
 PSYoungGen      total 360960K, used 332288K [0x000000076af80000, 0x0000000783e00000, 0x00000007c0000000)
  eden space 332288K, 100% used [0x000000076af80000,0x000000077f400000,0x000000077f400000)
  from space 28672K, 0% used [0x0000000782200000,0x0000000782200000,0x0000000783e00000)
  to   space 37888K, 0% used [0x000000077f400000,0x000000077f400000,0x0000000781900000)
 ParOldGen       total 216064K, used 88597K [0x00000006c0e00000, 0x00000006ce100000, 0x000000076af80000)
  object space 216064K, 41% used [0x00000006c0e00000,0x00000006c6485550,0x00000006ce100000)
 Metaspace       used 84919K, capacity 85919K, committed 86360K, reserved 1128448K
  class space    used 6812K, capacity 7225K, committed 7296K, reserved 1048576K
Event: 47.620 GC heap after
Heap after GC invocations=14 (full 3):
 PSYoungGen      total 370176K, used 34320K [0x000000076af80000, 0x0000000789900000, 0x00000007c0000000)
  eden space 332288K, 0% used [0x000000076af80000,0x000000076af80000,0x000000077f400000)
  from space 37888K, 90% used [0x000000077f400000,0x0000000781584028,0x0000000781900000)
  to   space 41984K, 0% used [0x0000000787000000,0x0000000787000000,0x0000000789900000)
 ParOldGen       total 216064K, used 88605K [0x00000006c0e00000, 0x00000006ce100000, 0x000000076af80000)
  object space 216064K, 41% used [0x00000006c0e00000,0x00000006c6487550,0x00000006ce100000)
 Metaspace       used 84919K, capacity 85919K, committed 86360K, reserved 1128448K
  class space    used 6812K, capacity 7225K, committed 7296K, reserved 1048576K
}
Event: 60.292 GC heap before
{Heap before GC invocations=15 (full 3):
 PSYoungGen      total 370176K, used 227769K [0x000000076af80000, 0x0000000789900000, 0x00000007c0000000)
  eden space 332288K, 58% used [0x000000076af80000,0x0000000776c6a470,0x000000077f400000)
  from space 37888K, 90% used [0x000000077f400000,0x0000000781584028,0x0000000781900000)
  to   space 41984K, 0% used [0x0000000787000000,0x0000000787000000,0x0000000789900000)
 ParOldGen       total 216064K, used 88605K [0x00000006c0e00000, 0x00000006ce100000, 0x000000076af80000)
  object space 216064K, 41% used [0x00000006c0e00000,0x00000006c6487550,0x00000006ce100000)
 Metaspace       used 97390K, capacity 98209K, committed 98496K, reserved 1140736K
  class space    used 7373K, capacity 7739K, committed 7808K, reserved 1048576K
Event: 60.332 GC heap after
Heap after GC invocations=15 (full 3):
 PSYoungGen      total 449536K, used 41974K [0x000000076af80000, 0x0000000789b80000, 0x00000007c0000000)
  eden space 407552K, 0% used [0x000000076af80000,0x000000076af80000,0x0000000783d80000)
  from space 41984K, 99% used [0x0000000787000000,0x00000007898fd8f8,0x0000000789900000)
  to   space 48128K, 0% used [0x0000000783d80000,0x0000000783d80000,0x0000000786c80000)
 ParOldGen       total 216064K, used 89398K [0x00000006c0e00000, 0x00000006ce100000, 0x000000076af80000)
  object space 216064K, 41% used [0x00000006c0e00000,0x00000006c654d9d0,0x00000006ce100000)
 Metaspace       used 97390K, capacity 98209K, committed 98496K, reserved 1140736K
  class space    used 7373K, capacity 7739K, committed 7808K, reserved 1048576K
}
Event: 60.332 GC heap before
{Heap before GC invocations=16 (full 4):
 PSYoungGen      total 449536K, used 41974K [0x000000076af80000, 0x0000000789b80000, 0x00000007c0000000)
  eden space 407552K, 0% used [0x000000076af80000,0x000000076af80000,0x0000000783d80000)
  from space 41984K, 99% used [0x0000000787000000,0x00000007898fd8f8,0x0000000789900000)
  to   space 48128K, 0% used [0x0000000783d80000,0x0000000783d80000,0x0000000786c80000)
 ParOldGen       total 216064K, used 89398K [0x00000006c0e00000, 0x00000006ce100000, 0x000000076af80000)
  object space 216064K, 41% used [0x00000006c0e00000,0x00000006c654d9d0,0x00000006ce100000)
 Metaspace       used 97390K, capacity 98209K, committed 98496K, reserved 1140736K
  class space    used 7373K, capacity 7739K, committed 7808K, reserved 1048576K
Event: 60.496 GC heap after
Heap after GC invocations=16 (full 4):
 PSYoungGen      total 449536K, used 0K [0x000000076af80000, 0x0000000789b80000, 0x00000007c0000000)
  eden space 407552K, 0% used [0x000000076af80000,0x000000076af80000,0x0000000783d80000)
  from space 41984K, 0% used [0x0000000787000000,0x0000000787000000,0x0000000789900000)
  to   space 48128K, 0% used [0x0000000783d80000,0x0000000783d80000,0x0000000786c80000)
 ParOldGen       total 270848K, used 107203K [0x00000006c0e00000, 0x00000006d1680000, 0x000000076af80000)
  object space 270848K, 39% used [0x00000006c0e00000,0x00000006c76b0ef8,0x00000006d1680000)
 Metaspace       used 97386K, capacity 98197K, committed 98496K, reserved 1140736K
  class space    used 7372K, capacity 7737K, committed 7808K, reserved 1048576K
}
Event: 64.397 GC heap before
{Heap before GC invocations=17 (full 4):
 PSYoungGen      total 449536K, used 9801K [0x000000076af80000, 0x0000000789b80000, 0x00000007c0000000)
  eden space 407552K, 2% used [0x000000076af80000,0x000000076b9126d8,0x0000000783d80000)
  from space 41984K, 0% used [0x0000000787000000,0x0000000787000000,0x0000000789900000)
  to   space 48128K, 0% used [0x0000000783d80000,0x0000000783d80000,0x0000000786c80000)
 ParOldGen       total 270848K, used 107203K [0x00000006c0e00000, 0x00000006d1680000, 0x000000076af80000)
  object space 270848K, 39% used [0x00000006c0e00000,0x00000006c76b0ef8,0x00000006d1680000)
 Metaspace       used 98327K, capacity 99190K, committed 99520K, reserved 1140736K
  class space    used 7373K, capacity 7737K, committed 7808K, reserved 1048576K
Event: 64.400 GC heap after
Heap after GC invocations=17 (full 4):
 PSYoungGen      total 455680K, used 480K [0x000000076af80000, 0x000000078f380000, 0x00000007c0000000)
  eden space 407552K, 0% used [0x000000076af80000,0x000000076af80000,0x0000000783d80000)
  from space 48128K, 0% used [0x0000000783d80000,0x0000000783df8000,0x0000000786c80000)
  to   space 49152K, 0% used [0x000000078c380000,0x000000078c380000,0x000000078f380000)
 ParOldGen       total 270848K, used 107203K [0x00000006c0e00000, 0x00000006d1680000, 0x000000076af80000)
  object space 270848K, 39% used [0x00000006c0e00000,0x00000006c76b0ef8,0x00000006d1680000)
 Metaspace       used 98327K, capacity 99190K, committed 99520K, reserved 1140736K
  class space    used 7373K, capacity 7737K, committed 7808K, reserved 1048576K
}
Event: 64.400 GC heap before
{Heap before GC invocations=18 (full 5):
 PSYoungGen      total 455680K, used 480K [0x000000076af80000, 0x000000078f380000, 0x00000007c0000000)
  eden space 407552K, 0% used [0x000000076af80000,0x000000076af80000,0x0000000783d80000)
  from space 48128K, 0% used [0x0000000783d80000,0x0000000783df8000,0x0000000786c80000)
  to   space 49152K, 0% used [0x000000078c380000,0x000000078c380000,0x000000078f380000)
 ParOldGen       total 270848K, used 107203K [0x00000006c0e00000, 0x00000006d1680000, 0x000000076af80000)
  object space 270848K, 39% used [0x00000006c0e00000,0x00000006c76b0ef8,0x00000006d1680000)
 Metaspace       used 98327K, capacity 99190K, committed 99520K, reserved 1140736K
  class space    used 7373K, capacity 7737K, committed 7808K, reserved 1048576K
Event: 64.477 GC heap after
Heap after GC invocations=18 (full 5):
 PSYoungGen      total 455680K, used 0K [0x000000076af80000, 0x000000078f380000, 0x00000007c0000000)
  eden space 407552K, 0% used [0x000000076af80000,0x000000076af80000,0x0000000783d80000)
  from space 48128K, 0% used [0x0000000783d80000,0x0000000783d80000,0x0000000786c80000)
  to   space 49152K, 0% used [0x000000078c380000,0x000000078c380000,0x000000078f380000)
 ParOldGen       total 292352K, used 89993K [0x00000006c0e00000, 0x00000006d2b80000, 0x000000076af80000)
  object space 292352K, 30% used [0x00000006c0e00000,0x00000006c65e2698,0x00000006d2b80000)
 Metaspace       used 98327K, capacity 99190K, committed 99520K, reserved 1140736K
  class space    used 7373K, capacity 7737K, committed 7808K, reserved 1048576K
}

