# JRE version: Java(TM) SE Runtime Environment (8.0_111-b14) (build 1.8.0_111-b14)
# Java VM: Java HotSpot(TM) 64-Bit Server VM (25.111-b14 mixed mode windows-amd64 compressed oops)
Heap:
 PSYoungGen      total 434688K, used 43456K [0x000000076af80000, 0x0000000789f80000, 0x00000007c0000000)
  eden space 385536K, 0% used [0x000000076af80000,0x000000076af80000,0x0000000782800000)
  from space 49152K, 88% used [0x0000000785e00000,0x0000000788870010,0x0000000788e00000)
  to   space 55296K, 0% used [0x0000000782800000,0x0000000782800000,0x0000000785e00000)
 ParOldGen       total 219648K, used 102250K [0x00000006c0e00000, 0x00000006ce480000, 0x000000076af80000)
  object space 219648K, 46% used [0x00000006c0e00000,0x00000006c71daa68,0x00000006ce480000)
 Metaspace       used 85138K, capacity 86069K, committed 86360K, reserved 1128448K
  class space    used 6810K, capacity 7195K, committed 7296K, reserved 1048576K
GC Heap History (10 events):
Event: 33.973 GC heap after
Heap after GC invocations=15 (full 2):
 PSYoungGen      total 305152K, used 25575K [0x000000076af80000, 0x0000000783380000, 0x00000007c0000000)
  eden space 272896K, 0% used [0x000000076af80000,0x000000076af80000,0x000000077ba00000)
  from space 32256K, 79% used [0x000000077ba00000,0x000000077d2f9cd8,0x000000077d980000)
  to   space 35328K, 0% used [0x0000000781100000,0x0000000781100000,0x0000000783380000)
 ParOldGen       total 121856K, used 67647K [0x00000006c0e00000, 0x00000006c8500000, 0x000000076af80000)
  object space 121856K, 55% used [0x00000006c0e00000,0x00000006c500fe30,0x00000006c8500000)
 Metaspace       used 58034K, capacity 58923K, committed 59096K, reserved 1101824K
  class space    used 5439K, capacity 5840K, committed 5888K, reserved 1048576K
}
Event: 33.973 GC heap before
{Heap before GC invocations=16 (full 3):
 PSYoungGen      total 305152K, used 25575K [0x000000076af80000, 0x0000000783380000, 0x00000007c0000000)
  eden space 272896K, 0% used [0x000000076af80000,0x000000076af80000,0x000000077ba00000)
  from space 32256K, 79% used [0x000000077ba00000,0x000000077d2f9cd8,0x000000077d980000)
  to   space 35328K, 0% used [0x0000000781100000,0x0000000781100000,0x0000000783380000)
 ParOldGen       total 121856K, used 67647K [0x00000006c0e00000, 0x00000006c8500000, 0x000000076af80000)
  object space 121856K, 55% used [0x00000006c0e00000,0x00000006c500fe30,0x00000006c8500000)
 Metaspace       used 58034K, capacity 58923K, committed 59096K, reserved 1101824K
  class space    used 5439K, capacity 5840K, committed 5888K, reserved 1048576K
Event: 34.278 GC heap after
Heap after GC invocations=16 (full 3):
 PSYoungGen      total 305152K, used 0K [0x000000076af80000, 0x0000000783380000, 0x00000007c0000000)
  eden space 272896K, 0% used [0x000000076af80000,0x000000076af80000,0x000000077ba00000)
  from space 32256K, 0% used [0x000000077ba00000,0x000000077ba00000,0x000000077d980000)
  to   space 35328K, 0% used [0x0000000781100000,0x0000000781100000,0x0000000783380000)
 ParOldGen       total 219648K, used 88474K [0x00000006c0e00000, 0x00000006ce480000, 0x000000076af80000)
  object space 219648K, 40% used [0x00000006c0e00000,0x00000006c6466a90,0x00000006ce480000)
 Metaspace       used 58034K, capacity 58923K, committed 59096K, reserved 1101824K
  class space    used 5439K, capacity 5840K, committed 5888K, reserved 1048576K
}
Event: 52.975 GC heap before
{Heap before GC invocations=17 (full 3):
 PSYoungGen      total 305152K, used 272896K [0x000000076af80000, 0x0000000783380000, 0x00000007c0000000)
  eden space 272896K, 100% used [0x000000076af80000,0x000000077ba00000,0x000000077ba00000)
  from space 32256K, 0% used [0x000000077ba00000,0x000000077ba00000,0x000000077d980000)
  to   space 35328K, 0% used [0x0000000781100000,0x0000000781100000,0x0000000783380000)
 ParOldGen       total 219648K, used 88474K [0x00000006c0e00000, 0x00000006ce480000, 0x000000076af80000)
  object space 219648K, 40% used [0x00000006c0e00000,0x00000006c6466a90,0x00000006ce480000)
 Metaspace       used 84931K, capacity 85869K, committed 86104K, reserved 1128448K
  class space    used 6810K, capacity 7195K, committed 7296K, reserved 1048576K
Event: 53.021 GC heap after
Heap after GC invocations=17 (full 3):
 PSYoungGen      total 358912K, used 28080K [0x000000076af80000, 0x0000000783580000, 0x00000007c0000000)
  eden space 323584K, 0% used [0x000000076af80000,0x000000076af80000,0x000000077eb80000)
  from space 35328K, 79% used [0x0000000781100000,0x0000000782c6c028,0x0000000783380000)
  to   space 37888K, 0% used [0x000000077eb80000,0x000000077eb80000,0x0000000781080000)
 ParOldGen       total 219648K, used 88482K [0x00000006c0e00000, 0x00000006ce480000, 0x000000076af80000)
  object space 219648K, 40% used [0x00000006c0e00000,0x00000006c6468a90,0x00000006ce480000)
 Metaspace       used 84931K, capacity 85869K, committed 86104K, reserved 1128448K
  class space    used 6810K, capacity 7195K, committed 7296K, reserved 1048576K
}
Event: 58.852 GC heap before
{Heap before GC invocations=18 (full 3):
 PSYoungGen      total 358912K, used 351664K [0x000000076af80000, 0x0000000783580000, 0x00000007c0000000)
  eden space 323584K, 100% used [0x000000076af80000,0x000000077eb80000,0x000000077eb80000)
  from space 35328K, 79% used [0x0000000781100000,0x0000000782c6c028,0x0000000783380000)
  to   space 37888K, 0% used [0x000000077eb80000,0x000000077eb80000,0x0000000781080000)
 ParOldGen       total 219648K, used 88482K [0x00000006c0e00000, 0x00000006ce480000, 0x000000076af80000)
  object space 219648K, 40% used [0x00000006c0e00000,0x00000006c6468a90,0x00000006ce480000)
 Metaspace       used 85072K, capacity 86005K, committed 86360K, reserved 1128448K
  class space    used 6810K, capacity 7195K, committed 7296K, reserved 1048576K
Event: 58.922 GC heap after
Heap after GC invocations=18 (full 3):
 PSYoungGen      total 361472K, used 37856K [0x000000076af80000, 0x0000000788e00000, 0x00000007c0000000)
  eden space 323584K, 0% used [0x000000076af80000,0x000000076af80000,0x000000077eb80000)
  from space 37888K, 99% used [0x000000077eb80000,0x0000000781078010,0x0000000781080000)
  to   space 49152K, 0% used [0x0000000785e00000,0x0000000785e00000,0x0000000788e00000)
 ParOldGen       total 219648K, used 102242K [0x00000006c0e00000, 0x00000006ce480000, 0x000000076af80000)
  object space 219648K, 46% used [0x00000006c0e00000,0x00000006c71d8a68,0x00000006ce480000)
 Metaspace       used 85072K, capacity 86005K, committed 86360K, reserved 1128448K
  class space    used 6810K, capacity 7195K, committed 7296K, reserved 1048576K
}
Event: 64.584 GC heap before
{Heap before GC invocations=19 (full 3):
 PSYoungGen      total 361472K, used 358129K [0x000000076af80000, 0x0000000788e00000, 0x00000007c0000000)
  eden space 323584K, 98% used [0x000000076af80000,0x000000077e844538,0x000000077eb80000)
  from space 37888K, 99% used [0x000000077eb80000,0x0000000781078010,0x0000000781080000)
  to   space 49152K, 0% used [0x0000000785e00000,0x0000000785e00000,0x0000000788e00000)
 ParOldGen       total 219648K, used 102242K [0x00000006c0e00000, 0x00000006ce480000, 0x000000076af80000)
  object space 219648K, 46% used [0x00000006c0e00000,0x00000006c71d8a68,0x00000006ce480000)
 Metaspace       used 85138K, capacity 86069K, committed 86360K, reserved 1128448K
  class space    used 6810K, capacity 7195K, committed 7296K, reserved 1048576K
Event: 64.655 GC heap after
Heap after GC invocations=19 (full 3):
 PSYoungGen      total 434688K, used 43456K [0x000000076af80000, 0x0000000789f80000, 0x00000007c0000000)
  eden space 385536K, 0% used [0x000000076af80000,0x000000076af80000,0x0000000782800000)
  from space 49152K, 88% used [0x0000000785e00000,0x0000000788870010,0x0000000788e00000)
  to   space 55296K, 0% used [0x0000000782800000,0x0000000782800000,0x0000000785e00000)
 ParOldGen       total 219648K, used 102250K [0x00000006c0e00000, 0x00000006ce480000, 0x000000076af80000)
  object space 219648K, 46% used [0x00000006c0e00000,0x00000006c71daa68,0x00000006ce480000)
 Metaspace       used 85138K, capacity 86069K, committed 86360K, reserved 1128448K
  class space    used 6810K, capacity 7195K, committed 7296K, reserved 1048576K
}
Event: 64.655 GC heap before
{Heap before GC invocations=20 (full 4):
 PSYoungGen      total 434688K, used 43456K [0x000000076af80000, 0x0000000789f80000, 0x00000007c0000000)
  eden space 385536K, 0% used [0x000000076af80000,0x000000076af80000,0x0000000782800000)
  from space 49152K, 88% used [0x0000000785e00000,0x0000000788870010,0x0000000788e00000)
  to   space 55296K, 0% used [0x0000000782800000,0x0000000782800000,0x0000000785e00000)
 ParOldGen       total 219648K, used 102250K [0x00000006c0e00000, 0x00000006ce480000, 0x000000076af80000)
  object space 219648K, 46% used [0x00000006c0e00000,0x00000006c71daa68,0x00000006ce480000)
 Metaspace       used 85138K, capacity 86069K, committed 86360K, reserved 1128448K
  class space    used 6810K, capacity 7195K, committed 7296K, reserved 1048576K

