# JRE version: Java(TM) SE Runtime Environment (8.0_111-b14) (build 1.8.0_111-b14)
# Java VM: Java HotSpot(TM) 64-Bit Server VM (25.111-b14 mixed mode windows-amd64 compressed oops)
Heap:
 PSYoungGen      total 374272K, used 12382K [0x000000076af80000, 0x0000000788300000, 0x00000007c0000000)
  eden space 332800K, 3% used [0x000000076af80000,0x000000076bb97968,0x000000077f480000)
  from space 41472K, 0% used [0x000000077f480000,0x000000077f480000,0x0000000781d00000)
  to   space 41984K, 0% used [0x0000000785a00000,0x0000000785a00000,0x0000000788300000)
 ParOldGen       total 288768K, used 77274K [0x00000006c0e00000, 0x00000006d2800000, 0x000000076af80000)
  object space 288768K, 26% used [0x00000006c0e00000,0x00000006c5976aa0,0x00000006d2800000)
 Metaspace       used 98470K, capacity 99328K, committed 99520K, reserved 1140736K
  class space    used 7378K, capacity 7740K, committed 7808K, reserved 1048576K
GC Heap History (10 events):
Event: 48.843 GC heap before
{Heap before GC invocations=16 (full 3):
 PSYoungGen      total 308736K, used 279040K [0x000000076af80000, 0x0000000780700000, 0x00000007c0000000)
  eden space 279040K, 100% used [0x000000076af80000,0x000000077c000000,0x000000077c000000)
  from space 29696K, 0% used [0x000000077ea00000,0x000000077ea00000,0x0000000780700000)
  to   space 36352K, 0% used [0x000000077c000000,0x000000077c000000,0x000000077e380000)
 ParOldGen       total 216064K, used 88506K [0x00000006c0e00000, 0x00000006ce100000, 0x000000076af80000)
  object space 216064K, 40% used [0x00000006c0e00000,0x00000006c646e910,0x00000006ce100000)
 Metaspace       used 84908K, capacity 85911K, committed 86104K, reserved 1128448K
  class space    used 6811K, capacity 7225K, committed 7296K, reserved 1048576K
Event: 48.889 GC heap after
Heap after GC invocations=16 (full 3):
 PSYoungGen      total 315392K, used 28624K [0x000000076af80000, 0x0000000784980000, 0x00000007c0000000)
  eden space 279040K, 0% used [0x000000076af80000,0x000000076af80000,0x000000077c000000)
  from space 36352K, 78% used [0x000000077c000000,0x000000077dbf4028,0x000000077e380000)
  to   space 39424K, 0% used [0x0000000782300000,0x0000000782300000,0x0000000784980000)
 ParOldGen       total 216064K, used 88506K [0x00000006c0e00000, 0x00000006ce100000, 0x000000076af80000)
  object space 216064K, 40% used [0x00000006c0e00000,0x00000006c646e910,0x00000006ce100000)
 Metaspace       used 84908K, capacity 85911K, committed 86104K, reserved 1128448K
  class space    used 6811K, capacity 7225K, committed 7296K, reserved 1048576K
}
Event: 58.272 GC heap before
{Heap before GC invocations=17 (full 3):
 PSYoungGen      total 315392K, used 100948K [0x000000076af80000, 0x0000000784980000, 0x00000007c0000000)
  eden space 279040K, 25% used [0x000000076af80000,0x000000076f621060,0x000000077c000000)
  from space 36352K, 78% used [0x000000077c000000,0x000000077dbf4028,0x000000077e380000)
  to   space 39424K, 0% used [0x0000000782300000,0x0000000782300000,0x0000000784980000)
 ParOldGen       total 216064K, used 88506K [0x00000006c0e00000, 0x00000006ce100000, 0x000000076af80000)
  object space 216064K, 40% used [0x00000006c0e00000,0x00000006c646e910,0x00000006ce100000)
 Metaspace       used 97449K, capacity 98265K, committed 98496K, reserved 1140736K
  class space    used 7376K, capacity 7739K, committed 7808K, reserved 1048576K
Event: 58.289 GC heap after
Heap after GC invocations=17 (full 3):
 PSYoungGen      total 368128K, used 28619K [0x000000076af80000, 0x0000000784580000, 0x00000007c0000000)
  eden space 332800K, 0% used [0x000000076af80000,0x000000076af80000,0x000000077f480000)
  from space 35328K, 81% used [0x0000000782300000,0x0000000783ef2e40,0x0000000784580000)
  to   space 41472K, 0% used [0x000000077f480000,0x000000077f480000,0x0000000781d00000)
 ParOldGen       total 216064K, used 88506K [0x00000006c0e00000, 0x00000006ce100000, 0x000000076af80000)
  object space 216064K, 40% used [0x00000006c0e00000,0x00000006c646e910,0x00000006ce100000)
 Metaspace       used 97449K, capacity 98265K, committed 98496K, reserved 1140736K
  class space    used 7376K, capacity 7739K, committed 7808K, reserved 1048576K
}
Event: 58.289 GC heap before
{Heap before GC invocations=18 (full 4):
 PSYoungGen      total 368128K, used 28619K [0x000000076af80000, 0x0000000784580000, 0x00000007c0000000)
  eden space 332800K, 0% used [0x000000076af80000,0x000000076af80000,0x000000077f480000)
  from space 35328K, 81% used [0x0000000782300000,0x0000000783ef2e40,0x0000000784580000)
  to   space 41472K, 0% used [0x000000077f480000,0x000000077f480000,0x0000000781d00000)
 ParOldGen       total 216064K, used 88506K [0x00000006c0e00000, 0x00000006ce100000, 0x000000076af80000)
  object space 216064K, 40% used [0x00000006c0e00000,0x00000006c646e910,0x00000006ce100000)
 Metaspace       used 97449K, capacity 98265K, committed 98496K, reserved 1140736K
  class space    used 7376K, capacity 7739K, committed 7808K, reserved 1048576K
Event: 58.390 GC heap after
Heap after GC invocations=18 (full 4):
 PSYoungGen      total 368128K, used 0K [0x000000076af80000, 0x0000000784580000, 0x00000007c0000000)
  eden space 332800K, 0% used [0x000000076af80000,0x000000076af80000,0x000000077f480000)
  from space 35328K, 0% used [0x0000000782300000,0x0000000782300000,0x0000000784580000)
  to   space 41472K, 0% used [0x000000077f480000,0x000000077f480000,0x0000000781d00000)
 ParOldGen       total 263680K, used 94464K [0x00000006c0e00000, 0x00000006d0f80000, 0x000000076af80000)
  object space 263680K, 35% used [0x00000006c0e00000,0x00000006c6a400d8,0x00000006d0f80000)
 Metaspace       used 97446K, capacity 98253K, committed 98496K, reserved 1140736K
  class space    used 7375K, capacity 7737K, committed 7808K, reserved 1048576K
}
Event: 63.453 GC heap before
{Heap before GC invocations=19 (full 4):
 PSYoungGen      total 368128K, used 13813K [0x000000076af80000, 0x0000000784580000, 0x00000007c0000000)
  eden space 332800K, 4% used [0x000000076af80000,0x000000076bcfd668,0x000000077f480000)
  from space 35328K, 0% used [0x0000000782300000,0x0000000782300000,0x0000000784580000)
  to   space 41472K, 0% used [0x000000077f480000,0x000000077f480000,0x0000000781d00000)
 ParOldGen       total 263680K, used 94464K [0x00000006c0e00000, 0x00000006d0f80000, 0x000000076af80000)
  object space 263680K, 35% used [0x00000006c0e00000,0x00000006c6a400d8,0x00000006d0f80000)
 Metaspace       used 98380K, capacity 99246K, committed 99520K, reserved 1140736K
  class space    used 7376K, capacity 7737K, committed 7808K, reserved 1048576K
Event: 63.456 GC heap after
Heap after GC invocations=19 (full 4):
 PSYoungGen      total 374272K, used 480K [0x000000076af80000, 0x0000000788300000, 0x00000007c0000000)
  eden space 332800K, 0% used [0x000000076af80000,0x000000076af80000,0x000000077f480000)
  from space 41472K, 1% used [0x000000077f480000,0x000000077f4f8000,0x0000000781d00000)
  to   space 41984K, 0% used [0x0000000785a00000,0x0000000785a00000,0x0000000788300000)
 ParOldGen       total 263680K, used 94464K [0x00000006c0e00000, 0x00000006d0f80000, 0x000000076af80000)
  object space 263680K, 35% used [0x00000006c0e00000,0x00000006c6a400d8,0x00000006d0f80000)
 Metaspace       used 98380K, capacity 99246K, committed 99520K, reserved 1140736K
  class space    used 7376K, capacity 7737K, committed 7808K, reserved 1048576K
}
Event: 63.456 GC heap before
{Heap before GC invocations=20 (full 5):
 PSYoungGen      total 374272K, used 480K [0x000000076af80000, 0x0000000788300000, 0x00000007c0000000)
  eden space 332800K, 0% used [0x000000076af80000,0x000000076af80000,0x000000077f480000)
  from space 41472K, 1% used [0x000000077f480000,0x000000077f4f8000,0x0000000781d00000)
  to   space 41984K, 0% used [0x0000000785a00000,0x0000000785a00000,0x0000000788300000)
 ParOldGen       total 263680K, used 94464K [0x00000006c0e00000, 0x00000006d0f80000, 0x000000076af80000)
  object space 263680K, 35% used [0x00000006c0e00000,0x00000006c6a400d8,0x00000006d0f80000)
 Metaspace       used 98380K, capacity 99246K, committed 99520K, reserved 1140736K
  class space    used 7376K, capacity 7737K, committed 7808K, reserved 1048576K
Event: 63.518 GC heap after
Heap after GC invocations=20 (full 5):
 PSYoungGen      total 374272K, used 0K [0x000000076af80000, 0x0000000788300000, 0x00000007c0000000)
  eden space 332800K, 0% used [0x000000076af80000,0x000000076af80000,0x000000077f480000)
  from space 41472K, 0% used [0x000000077f480000,0x000000077f480000,0x0000000781d00000)
  to   space 41984K, 0% used [0x0000000785a00000,0x0000000785a00000,0x0000000788300000)
 ParOldGen       total 288768K, used 77274K [0x00000006c0e00000, 0x00000006d2800000, 0x000000076af80000)
  object space 288768K, 26% used [0x00000006c0e00000,0x00000006c5976aa0,0x00000006d2800000)
 Metaspace       used 98380K, capacity 99246K, committed 99520K, reserved 1140736K
  class space    used 7376K, capacity 7737K, committed 7808K, reserved 1048576K
}

